# JRE version: OpenJDK Runtime Environment (17.0+35) (build 17+35-2724)
# Java VM: OpenJDK 64-Bit Server VM (17+35-2724, mixed mode, emulated-client, sharing, tiered, compressed oops, compressed class ptrs, g1 gc, windows-amd64)
GC Precious Log:
 CPUs: 8 total, 8 available
 Memory: 7934M
 Large Page Support: Disabled
 NUMA Support: Disabled
 Compressed Oops: Enabled (32-bit)
 Heap Region Size: 1M
 Heap Min Capacity: 8M
 Heap Initial Capacity: 124M
 Heap Max Capacity: 1984M
 Pre-touch: Disabled
 Parallel Workers: 8
 Concurrent Workers: 2
 Concurrent Refinement Workers: 8
 Periodic GC: Disabled
Heap:
 garbage-first heap   total 304128K, used 158273K [0x0000000084000000, 0x0000000100000000)
  region size 1024K, 117 young (119808K), 7 survivors (7168K)
 Metaspace       used 57514K, committed 57984K, reserved 1105920K
  class space    used 8089K, committed 8320K, reserved 1048576K
GC Heap History (20 events):
Event: 2.920 GC heap before
{Heap before GC invocations=7 (full 0):
 garbage-first heap   total 70656K, used 49987K [0x0000000084000000, 0x0000000100000000)
  region size 1024K, 34 young (34816K), 1 survivors (1024K)
 Metaspace       used 27827K, committed 28160K, reserved 1073152K
  class space    used 3890K, committed 4032K, reserved 1048576K
}
Event: 2.929 GC heap after
{Heap after GC invocations=8 (full 0):
 garbage-first heap   total 70656K, used 18880K [0x0000000084000000, 0x0000000100000000)
  region size 1024K, 3 young (3072K), 3 survivors (3072K)
 Metaspace       used 27827K, committed 28160K, reserved 1073152K
  class space    used 3890K, committed 4032K, reserved 1048576K
}
Event: 2.985 GC heap before
{Heap before GC invocations=8 (full 0):
 garbage-first heap   total 70656K, used 50624K [0x0000000084000000, 0x0000000100000000)
  region size 1024K, 35 young (35840K), 3 survivors (3072K)
 Metaspace       used 28213K, committed 28608K, reserved 1073152K
  class space    used 3941K, committed 4160K, reserved 1048576K
}
Event: 2.992 GC heap after
{Heap after GC invocations=9 (full 0):
 garbage-first heap   total 70656K, used 19218K [0x0000000084000000, 0x0000000100000000)
  region size 1024K, 3 young (3072K), 3 survivors (3072K)
 Metaspace       used 28213K, committed 28608K, reserved 1073152K
  class space    used 3941K, committed 4160K, reserved 1048576K
}
Event: 3.535 GC heap before
{Heap before GC invocations=9 (full 0):
 garbage-first heap   total 70656K, used 54034K [0x0000000084000000, 0x0000000100000000)
  region size 1024K, 37 young (37888K), 3 survivors (3072K)
 Metaspace       used 35096K, committed 35520K, reserved 1081344K
  class space    used 4953K, committed 5120K, reserved 1048576K
}
Event: 3.540 GC heap after
{Heap after GC invocations=10 (full 0):
 garbage-first heap   total 70656K, used 21058K [0x0000000084000000, 0x0000000100000000)
  region size 1024K, 3 young (3072K), 3 survivors (3072K)
 Metaspace       used 35096K, committed 35520K, reserved 1081344K
  class space    used 4953K, committed 5120K, reserved 1048576K
}
Event: 3.602 GC heap before
{Heap before GC invocations=10 (full 0):
 garbage-first heap   total 70656K, used 23106K [0x0000000084000000, 0x0000000100000000)
  region size 1024K, 6 young (6144K), 3 survivors (3072K)
 Metaspace       used 35751K, committed 36096K, reserved 1081344K
  class space    used 5027K, committed 5184K, reserved 1048576K
}
Event: 3.606 GC heap after
{Heap after GC invocations=11 (full 0):
 garbage-first heap   total 70656K, used 21190K [0x0000000084000000, 0x0000000100000000)
  region size 1024K, 3 young (3072K), 3 survivors (3072K)
 Metaspace       used 35751K, committed 36096K, reserved 1081344K
  class space    used 5027K, committed 5184K, reserved 1048576K
}
Event: 4.174 GC heap before
{Heap before GC invocations=12 (full 0):
 garbage-first heap   total 70656K, used 53958K [0x0000000084000000, 0x0000000100000000)
  region size 1024K, 35 young (35840K), 3 survivors (3072K)
 Metaspace       used 41660K, committed 42048K, reserved 1089536K
  class space    used 5964K, committed 6144K, reserved 1048576K
}
Event: 4.180 GC heap after
{Heap after GC invocations=13 (full 0):
 garbage-first heap   total 142336K, used 23255K [0x0000000084000000, 0x0000000100000000)
  region size 1024K, 5 young (5120K), 5 survivors (5120K)
 Metaspace       used 41660K, committed 42048K, reserved 1089536K
  class space    used 5964K, committed 6144K, reserved 1048576K
}
Event: 4.192 GC heap before
{Heap before GC invocations=13 (full 0):
 garbage-first heap   total 142336K, used 24279K [0x0000000084000000, 0x0000000100000000)
  region size 1024K, 6 young (6144K), 5 survivors (5120K)
 Metaspace       used 41667K, committed 42048K, reserved 1089536K
  class space    used 5964K, committed 6144K, reserved 1048576K
}
Event: 4.197 GC heap after
{Heap after GC invocations=14 (full 0):
 garbage-first heap   total 142336K, used 23413K [0x0000000084000000, 0x0000000100000000)
  region size 1024K, 1 young (1024K), 1 survivors (1024K)
 Metaspace       used 41667K, committed 42048K, reserved 1089536K
  class space    used 5964K, committed 6144K, reserved 1048576K
}
Event: 5.590 GC heap before
{Heap before GC invocations=14 (full 0):
 garbage-first heap   total 142336K, used 107381K [0x0000000084000000, 0x0000000100000000)
  region size 1024K, 83 young (84992K), 1 survivors (1024K)
 Metaspace       used 50332K, committed 50816K, reserved 1097728K
  class space    used 7131K, committed 7360K, reserved 1048576K
}
Event: 5.596 GC heap after
{Heap after GC invocations=15 (full 0):
 garbage-first heap   total 142336K, used 27557K [0x0000000084000000, 0x0000000100000000)
  region size 1024K, 5 young (5120K), 5 survivors (5120K)
 Metaspace       used 50332K, committed 50816K, reserved 1097728K
  class space    used 7131K, committed 7360K, reserved 1048576K
}
Event: 6.071 GC heap before
{Heap before GC invocations=16 (full 0):
 garbage-first heap   total 106496K, used 86949K [0x0000000084000000, 0x0000000100000000)
  region size 1024K, 62 young (63488K), 5 survivors (5120K)
 Metaspace       used 53326K, committed 53824K, reserved 1097728K
  class space    used 7554K, committed 7808K, reserved 1048576K
}
Event: 6.078 GC heap after
{Heap after GC invocations=17 (full 0):
 garbage-first heap   total 106496K, used 32273K [0x0000000084000000, 0x0000000100000000)
  region size 1024K, 4 young (4096K), 4 survivors (4096K)
 Metaspace       used 53326K, committed 53824K, reserved 1097728K
  class space    used 7554K, committed 7808K, reserved 1048576K
}
Event: 6.080 GC heap before
{Heap before GC invocations=17 (full 0):
 garbage-first heap   total 106496K, used 33297K [0x0000000084000000, 0x0000000100000000)
  region size 1024K, 5 young (5120K), 4 survivors (4096K)
 Metaspace       used 53332K, committed 53824K, reserved 1097728K
  class space    used 7554K, committed 7808K, reserved 1048576K
}
Event: 6.083 GC heap after
{Heap after GC invocations=18 (full 0):
 garbage-first heap   total 106496K, used 32715K [0x0000000084000000, 0x0000000100000000)
  region size 1024K, 1 young (1024K), 1 survivors (1024K)
 Metaspace       used 53332K, committed 53824K, reserved 1097728K
  class space    used 7554K, committed 7808K, reserved 1048576K
}
Event: 6.265 GC heap before
{Heap before GC invocations=18 (full 0):
 garbage-first heap   total 106496K, used 83915K [0x0000000084000000, 0x0000000100000000)
  region size 1024K, 51 young (52224K), 1 survivors (1024K)
 Metaspace       used 53439K, committed 53952K, reserved 1097728K
  class space    used 7570K, committed 7808K, reserved 1048576K
}
Event: 6.279 GC heap after
{Heap after GC invocations=19 (full 0):
 garbage-first heap   total 304128K, used 46657K [0x0000000084000000, 0x0000000100000000)
  region size 1024K, 7 young (7168K), 7 survivors (7168K)
 Metaspace       used 53439K, committed 53952K, reserved 1097728K
  class space    used 7570K, committed 7808K, reserved 1048576K
}

